SENSOR: SensorValue { linearAcceleration: [-0.4849385  -0.58645679  8.69726435], angularVelocity: [-0.00016356 -0.00039421  0.00150495], rssi: -100 }
CMD:    RobotState { position: [5.  6.5 0. ], orientation: [0. 0. 0.], velocity: [0. 0. 0.] }
GT:     RobotState { position: [5.  6.5 0. ], orientation: [0. 0. 0.], velocity: [0. 0. 0.] }
N_PRED: RobotState { position: [ 4.99978178e+00  6.49973609e+00 -4.99223973e-04], orientation: [-4.90714564e-06 -1.18262649e-05  4.51484246e-05], velocity: [-0.01454756 -0.01759411 -0.03328161] }

SENSOR: SensorValue { linearAcceleration: [137.39520293   0.47310989  10.74567559], angularVelocity: [-1.7151814  -1.80397202  2.26239347], rssi: -100 }
CMD:    RobotState { position: [5.06281118 6.50131569 0.        ], orientation: [0.         0.         0.06283185], velocity: [4.18603464 0.13155144 0.        ] }
GT:     RobotState { position: [5.06280682e+00 6.50145007e+00 1.12948071e-03], orientation: [-0.05335319 -0.0523      0.06925683], velocity: [4.18447429 0.14494431 0.11179993] }
N_PRED: RobotState { position: [5.06112188e+00 6.50084332e+00 1.85007609e-05], orientation: [-0.053307   -0.05231796  0.06934345], velocity: [4.10087661 0.13914641 0.10358061] }

SENSOR: SensorValue { linearAcceleration: [0.05053941 1.18834376 9.24151999], angularVelocity: [-0.58914147  0.17340288  2.42980004], rssi: -98 }
CMD:    RobotState { position: [5.18789661 6.51313974 0.        ], orientation: [0.         0.         0.12566371], velocity: [4.18603464 0.13155144 0.        ] }
GT:     RobotState { position: [5.18740812 6.51463969 0.01081985], orientation: [-0.07449766 -0.04241028  0.14178059], velocity: [4.1854412  0.1459902  0.11278484] }
N_PRED: RobotState { position: [5.18348606 6.51399495 0.00908157], orientation: [-0.07442513 -0.04247     0.14183703], velocity: [4.11739888 0.16100753 0.08700481] }

SENSOR: SensorValue { linearAcceleration: [-1.03670523  0.75672441 10.92923263], angularVelocity: [0.06101875 0.67506021 2.01337904], rssi: -100 }
CMD:    RobotState { position: [5.31199278 6.53279464 0.        ], orientation: [0.         0.         0.18849556], velocity: [4.18603464 0.13155144 0.        ] }
GT:     RobotState { position: [5.31083381 6.53693668 0.01920373], orientation: [-0.07444774 -0.01774558  0.20054223], velocity: [4.18642325 0.14702129 0.11377071] }
N_PRED: RobotState { position: [5.3045923  6.53642683 0.01707611], orientation: [-0.07436423 -0.01777771  0.20059126], velocity: [4.10001961 0.16347212 0.12096719] }

SENSOR: SensorValue { linearAcceleration: [-1.32979278  4.45617415 11.0168893 ], angularVelocity: [-0.05208308 -0.89774625  2.13615384], rssi: -97 }
CMD:    RobotState { position: [5.43460992 6.56020282 0.        ], orientation: [0.         0.         0.25132741], velocity: [4.18603464 0.13155144 0.        ] }
GT:     RobotState { position: [5.43292442 6.56651438 0.02452257], orientation: [-0.07793207 -0.03975233  0.26649647], velocity: [4.18737844 0.14805237 0.11478236] }
N_PRED: RobotState { position: [5.42318393 6.56756649 0.02293307], orientation: [-0.07782612 -0.03976831  0.26656385], velocity: [4.04284355 0.26887549 0.14853836] }

SENSOR: SensorValue { linearAcceleration: [-0.15777849  0.51040227  8.72471887], angularVelocity: [-0.20538351 -0.76970967  1.2906374 ], rssi: -92 }
CMD:    RobotState { position: [5.55526413 6.59525611 0.        ], orientation: [0.         0.         0.31415927], velocity: [4.18603464 0.13155144 0.        ] }
GT:     RobotState { position: [5.55267511 6.60408433 0.03261488], orientation: [-0.08608335 -0.05962608  0.30702149], velocity: [4.18834736 0.14907312 0.11579171] }
N_PRED: RobotState { position: [5.53796411 6.60751077 0.03111278], orientation: [-0.08600216 -0.05961676  0.30709184], velocity: [4.05809378 0.26687954 0.11827083] }

SENSOR: SensorValue { linearAcceleration: [-0.85303897  0.39100612 10.64615603], angularVelocity: [ 0.66503089 -0.3299096   3.93590134], rssi: -100 }
CMD:    RobotState { position: [5.67347925 6.63781617 0.        ], orientation: [0.         0.         0.37699112], velocity: [4.18603464 0.13155144 0.        ] }
GT:     RobotState { position: [5.67063982 6.6464831  0.04318844], orientation: [-0.07323777 -0.06015937  0.42576353], velocity: [4.18928759 0.15012441 0.11679604] }
N_PRED: RobotState { position: [5.65112363 6.65200604 0.04161596], orientation: [-0.07313706 -0.06009786  0.42579284], velocity: [4.05712679 0.26123402 0.14541523] }

SENSOR: SensorValue { linearAcceleration: [-2.33707558 -1.661466    9.04083504], angularVelocity: [1.47613528 0.50929116 3.21273603], rssi: -98 }
CMD:    RobotState { position: [5.78878873 6.68771504 0.        ], orientation: [0.         0.         0.43982297], velocity: [4.18603464 0.13155144 0.        ] }
GT:     RobotState { position: [5.78277162 6.70255743 0.0539188 ], orientation: [-0.0337013  -0.03976297  0.52133563], velocity: [4.19025571 0.15115926 0.11779156] }
N_PRED: RobotState { position: [5.75802818 6.70835837 0.05239382], orientation: [-0.03358638 -0.03968632  0.52133234], velocity: [4.04659167 0.18483749 0.12489704] }

SENSOR: SensorValue { linearAcceleration: [ 0.02196996 -1.4523405  11.01391061], angularVelocity: [ 0.74613161 -0.48069513  2.63431721], rssi: -98 }
CMD:    RobotState { position: [5.90073749 6.74475578 0.        ], orientation: [0.         0.         0.50265482], velocity: [4.18603464 0.13155144 0.        ] }
GT:     RobotState { position: [5.88927506 6.769097   0.06230738], orientation: [-0.01499889 -0.05225814  0.60075712], velocity: [4.1912145  0.15218698 0.11880332] }
N_PRED: RobotState { position: [5.86080447 6.77314522 0.06134388], orientation: [-0.01484052 -0.05219588  0.60076952], velocity: [4.08257337 0.15380505 0.16329799] }

SENSOR: SensorValue { linearAcceleration: [ 0.85036354 -1.93978507  9.54070643], angularVelocity: [-0.1889066   0.1242231   2.80748407], rssi: -97 }
CMD:    RobotState { position: [6.00888374 6.80871329 0.        ], orientation: [0.         0.         0.56548668], velocity: [4.18603464 0.13155144 0.        ] }
GT:     RobotState { position: [5.99010769 6.84379679 0.07238054], orientation: [-0.02483048 -0.0468789   0.68499057], velocity: [4.19217054 0.15323316 0.11979837] }
N_PRED: RobotState { position: [5.95980748 6.84572303 0.07248932], orientation: [-0.02468154 -0.04680248  0.68500698], velocity: [4.14722747 0.13571106 0.15882743] }

SENSOR: SensorValue { linearAcceleration: [-1.31500022  1.88848898 11.05088496], angularVelocity: [-0.10603483 -0.00881877  1.909985  ], rssi: -100 }
CMD:    RobotState { position: [6.11280065 6.87933516 0.        ], orientation: [0.         0.         0.62831853], velocity: [4.18603464 0.13155144 0.        ] }
GT:     RobotState { position: [6.08432087 6.92681686 0.08176399], orientation: [-0.03066647 -0.04556007  0.74234493], velocity: [4.19314001 0.15426376 0.12079706] }
N_PRED: RobotState { position: [6.05234869 6.9279008  0.0834926 ], orientation: [-0.03050941 -0.04548557  0.74235304], velocity: [4.08792851 0.16472063 0.19374762] }

SENSOR: SensorValue { linearAcceleration: [-0.37978922 -0.18443619  9.76670841], angularVelocity: [-1.12160159  0.75620766  3.03863727], rssi: -96 }
CMD:    RobotState { position: [6.21207813 6.95634266 0.        ], orientation: [0.         0.         0.69115038], velocity: [4.18603464 0.13155144 0.        ] }
GT:     RobotState { position: [6.1736161  7.01516674 0.09098469], orientation: [-0.06719578 -0.01844635  0.83233623], velocity: [4.19409034 0.1553289  0.12177684] }
N_PRED: RobotState { position: [6.13905768 7.01433142 0.0947152 ], orientation: [-0.06705664 -0.01836404  0.83233633], velocity: [4.09335795 0.16572349 0.19328958] }

SENSOR: SensorValue { linearAcceleration: [-1.95867639  0.61082534  8.42192519], angularVelocity: [-0.92488633 -0.6173686   1.67272723], rssi: -98 }
CMD:    RobotState { position: [6.30632436 7.03943189 0.        ], orientation: [0.         0.         0.75398224], velocity: [4.18603464 0.13155144 0.        ] }
GT:     RobotState { position: [6.25465283 7.11146224 0.09665225], orientation: [-0.09629667 -0.03280871  0.88386458], velocity: [4.19504864 0.1563577  0.12278795] }
N_PRED: RobotState { position: [6.21722566 7.10826727 0.10178677], orientation: [-0.09612686 -0.03273633  0.88387542], velocity: [4.06324766 0.13958271 0.15083225] }

SENSOR: SensorValue { linearAcceleration: [-0.43656871  2.08903283 12.14108642], angularVelocity: [-0.42549852  0.68828777  1.86668355], rssi: -98 }
CMD:    RobotState { position: [6.3951674  7.12827493 0.        ], orientation: [0.         0.         0.81681409], velocity: [4.18603464 0.13155144 0.        ] }
GT:     RobotState { position: [6.33048479 7.21183703 0.1040092 ], orientation: [-0.11008071 -0.0064664   0.93742873], velocity: [4.19602387 0.15739837 0.12377033] }
N_PRED: RobotState { position: [6.29027031 7.20598853 0.1108705 ], orientation: [-0.10994534 -0.00643122  0.93746351], velocity: [4.02471648 0.18659661 0.21690342] }

SENSOR: SensorValue { linearAcceleration: [-2.44303185  0.41204006  8.91809299], angularVelocity: [-0.26217346  0.49894561  1.04132389], rssi: -99 }
CMD:    RobotState { position: [6.47825663 7.22252116 0.        ], orientation: [0.         0.         0.87964594], velocity: [4.18603464 0.13155144 0.        ] }
GT:     RobotState { position: [6.40087821 7.31631764 0.10800989], orientation: [-0.11788291  0.01198091  0.96676227], velocity: [4.19701111 0.15842262 0.12475824] }
N_PRED: RobotState { position: [6.35633812 7.30636465 0.11713833], orientation: [-0.11772978  0.01199012  0.96680036], velocity: [4.00444564 0.1442901  0.1929122 ] }

SENSOR: SensorValue { linearAcceleration: [0.77843751 1.19304003 8.63346647], angularVelocity: [-0.04394599 -0.36406567  2.11373809], rssi: -100 }
CMD:    RobotState { position: [6.55526413 7.32179864 0.        ], orientation: [0.        0.        0.9424778], velocity: [4.18603464 0.13155144 0.        ] }
GT:     RobotState { position: [6.46817533 7.42291792 0.10967401], orientation: [-0.11850817  0.00862757  1.03103918], velocity: [4.19797715 0.15945279 0.12576065] }
N_PRED: RobotState { position: [6.42079077 7.40881095 0.12041129], orientation: [-0.11838645  0.00861195  1.03106092], velocity: [4.02339367 0.1908895  0.15792955] }

SENSOR: SensorValue { linearAcceleration: [-1.63249064  0.77803807 10.88935875], angularVelocity: [-0.02351805 -0.31500784  1.57010164], rssi: -95 }
CMD:    RobotState { position: [6.625886   7.42571555 0.        ], orientation: [0.         0.         1.00530965], velocity: [4.18603464 0.13155144 0.        ] }
GT:     RobotState { position: [6.52846809 7.53365805 0.11178317], orientation: [-0.11885363  0.00481931  1.07894853], velocity: [4.19895175 0.16047477 0.12676332] }
N_PRED: RobotState { position: [6.47723024 7.51538317 0.123911  ], orientation: [-0.11877092  0.00479969  1.07895222], velocity: [4.00698914 0.17693565 0.19198134] }

SENSOR: SensorValue { linearAcceleration: [-0.90167927 -0.10825635 12.3822214 ], angularVelocity: [ 1.68815792 -0.45060102  2.55040186], rssi: -100 }
CMD:    RobotState { position: [6.68984351 7.5338618  0.        ], orientation: [0.        0.        1.0681415], velocity: [4.18603464 0.13155144 0.        ] }
GT:     RobotState { position: [6.58336775 7.64719254 0.11439621], orientation: [-0.06801402 -0.00152698  1.15632542], velocity: [4.19993385 0.16149903 0.12775632] }
N_PRED: RobotState { position: [6.52895621 7.62413312 0.12963956], orientation: [-0.06797397 -0.0015282   1.15638305], velocity: [4.02049137 0.17392133 0.27291636] }

SENSOR: SensorValue { linearAcceleration: [ 1.55989214 -1.9390668   8.51261935], angularVelocity: [-0.69682127 -0.20438901  2.98692233], rssi: -100 }
CMD:    RobotState { position: [6.74688425 7.64581056 0.        ], orientation: [0.         0.         1.13097336], velocity: [4.18603464 0.13155144 0.        ] }
GT:     RobotState { position: [6.62945719 7.76458418 0.11809821], orientation: [-8.90576815e-02 -5.71079730e-04  1.24610405e+00], velocity: [4.20087787 0.16254651 0.12876122] }
N_PRED: RobotState { position: [6.57356262 7.73736991 0.13714287], orientation: [-8.89889803e-02 -6.15076708e-04  1.24619404e+00], velocity: [4.10801509 0.21004171 0.24013327] }

SENSOR: SensorValue { linearAcceleration: [-2.06459027  0.0883197  12.14669548], angularVelocity: [ 0.29282725 -0.90287298  2.08420348], rssi: -95 }
CMD:    RobotState { position: [6.79678312 7.76112004 0.        ], orientation: [0.         0.         1.19380521], velocity: [4.18603464 0.13155144 0.        ] }
GT:     RobotState { position: [6.66474691 7.88569794 0.12159911], orientation: [-0.08098585 -0.02225169  1.31070133], velocity: [4.20184583 0.16356653 0.12977219] }
N_PRED: RobotState { position: [6.60613357 7.85584034 0.1449034 ], orientation: [-0.08094138 -0.02230488  1.31079598], velocity: [4.09657516 0.17390128 0.31127994] }

SENSOR: SensorValue { linearAcceleration: [-1.12376227 -2.28911074  8.98461937], angularVelocity: [-0.0893864   0.73283877  2.46292485], rssi: -95 }
CMD:    RobotState { position: [6.83934318 7.87933516 0.        ], orientation: [0.         0.         1.25663706], velocity: [4.18603464 0.13155144 0.        ] }
GT:     RobotState { position: [6.69212079 8.00876275 0.12790125], orientation: [-0.08426339  0.00576109  1.38252868], velocity: [4.20281026 0.16461546 0.13075623] }
N_PRED: RobotState { position: [6.6329069  7.97554224 0.15625761], orientation: [-0.08422048  0.00571219  1.38261854], velocity: [4.1630194  0.14963817 0.2933212 ] }

SENSOR: SensorValue { linearAcceleration: [ 0.19970175  2.67143199 10.60939491], angularVelocity: [ 0.6881107  -0.74917431  3.01870785], rssi: -95 }
CMD:    RobotState { position: [6.87439647 7.99998937 0.        ], orientation: [0.         0.         1.31946891], velocity: [4.18603464 0.13155144 0.        ] }
GT:     RobotState { position: [6.7105781  8.13363499 0.13068294], orientation: [-0.06383097 -0.00997437  1.47450546], velocity: [4.20377215 0.16565106 0.13175692] }
N_PRED: RobotState { position: [6.65010831 8.09987059 0.16422488], orientation: [-0.06376031 -0.01001781  1.47459106], velocity: [4.09253192 0.18997244 0.31299016] }

SENSOR: SensorValue { linearAcceleration: [ 2.18895915 -0.62436428 10.77363956], angularVelocity: [-1.32137365  0.89212518  1.98800067], rssi: -95 }
CMD:    RobotState { position: [6.90180465 8.12260652 0.        ], orientation: [0.         0.         1.38230077], velocity: [4.18603464 0.13155144 0.        ] }
GT:     RobotState { position: [6.71752593 8.25963819 0.13558331], orientation: [-0.10318728  0.02167811  1.53172711], velocity: [4.20472399 0.16669599 0.13275725] }
N_PRED: RobotState { position: [6.65596172 8.2238344  0.17492471], orientation: [-0.10308345  0.02162894  1.53178841], velocity: [4.11327731 0.27352697 0.34349938] }

SENSOR: SensorValue { linearAcceleration: [ 0.02198087 -2.75243247  9.49738753], angularVelocity: [0.38084662 0.47891555 1.6970542 ], rssi: -100 }
CMD:    RobotState { position: [6.92145955 8.24670268 0.        ], orientation: [0.         0.         1.44513262], velocity: [4.18603464 0.13155144 0.        ] }
GT:     RobotState { position: [6.7170891  8.38595434 0.13630946], orientation: [-0.09021504  0.04086756  1.58101061], velocity: [4.20570556 0.16772953 0.133741  ] }
N_PRED: RobotState { position: [6.65293104 8.34810244 0.18166589], orientation: [-0.09011494  0.04084359  1.58109999], velocity: [4.20409458 0.30290099 0.34362269] }

SENSOR: SensorValue { linearAcceleration: [ 0.20159018 -0.80526917  8.96461758], angularVelocity: [ 0.36565169 -0.23243222  0.88506892], rssi: -98 }
CMD:    RobotState { position: [6.9332836  8.37178811 0.        ], orientation: [0.         0.         1.50796447], velocity: [4.18603464 0.13155144 0.        ] }
GT:     RobotState { position: [6.71044229 8.51211854 0.13470917], orientation: [-0.07818324  0.03614433  1.6080837 ], velocity: [4.20669821 0.16874056 0.1347372 ] }
N_PRED: RobotState { position: [6.64220843 8.47488438 0.18562844], orientation: [-0.07810335  0.03612565  1.60816387], velocity: [4.24104684 0.33561302 0.32165387] }

SENSOR: SensorValue { linearAcceleration: [ 1.21957552  0.26618584 12.14955215], angularVelocity: [ 0.92197671 -0.44778138  2.30690473], rssi: -100 }
CMD:    RobotState { position: [6.93723015 8.49736914 0.        ], orientation: [0.         0.         1.57079633], velocity: [4.18603464 0.13155144 0.        ] }
GT:     RobotState { position: [6.70039192 8.63809604 0.13379562], orientation: [-0.04827595  0.02714598  1.6780376 ], velocity: [4.20767811 0.16977122 0.13572564] }
N_PRED: RobotState { position: [6.62656004 8.60278913 0.19090137], orientation: [-0.04822129  0.02708397  1.67811341], velocity: [4.23380218 0.39740852 0.39105417] }

SENSOR: SensorValue { linearAcceleration: [ 0.10005239  0.0811641  10.22130637], angularVelocity: [0.86394459 1.25811823 1.85961956], rssi: -100 }
CMD:    RobotState { position: [6.9332836  8.62295018 0.        ], orientation: [0.         0.         1.63362818], velocity: [4.18603464 0.13155144 0.        ] }
GT:     RobotState { position: [6.68163613 8.76310802 0.13420389], orientation: [-0.01973477  0.06674773  1.73258126], velocity: [4.20866189 0.17081859 0.13669207] }
N_PRED: RobotState { position: [6.60054268 8.72827137 0.19878542], orientation: [-0.01973571  0.0667097   1.73264245], velocity: [4.23479717 0.41625553 0.40321171] }

SENSOR: SensorValue { linearAcceleration: [-1.3826766   0.8432364  12.01805936], angularVelocity: [-0.29226954  0.21286591  2.2084984 ], rssi: -100 }
CMD:    RobotState { position: [6.92145955 8.74803561 0.        ], orientation: [0.         0.         1.69646003], velocity: [4.18603464 0.13155144 0.        ] }
GT:     RobotState { position: [6.65617862 8.88688187 0.12978752], orientation: [-0.02386516  0.07456673  1.79883962], velocity: [4.20962504 0.17185449 0.13769126] }
N_PRED: RobotState { position: [6.56738548 8.85167134 0.20317269], orientation: [-0.02382923  0.0745401   1.79890747], velocity: [4.23199448 0.38737792 0.4722316 ] }

SENSOR: SensorValue { linearAcceleration: [-0.79231551  1.13210879 11.89863016], angularVelocity: [-0.61232259  0.41774749  2.75582226], rssi: -97 }
CMD:    RobotState { position: [6.90180465 8.87213177 0.        ], orientation: [0.         0.         1.75929189], velocity: [4.18603464 0.13155144 0.        ] }
GT:     RobotState { position: [6.62253789 9.00867795 0.12438972], orientation: [-0.03547708  0.08958239  1.88137276], velocity: [4.21057442 0.17290053 0.13869271] }
N_PRED: RobotState { position: [6.52666943 8.97314139 0.20852518], orientation: [-0.035442    0.0895251   1.88145028], velocity: [4.21827768 0.37656039 0.53620878] }

SENSOR: SensorValue { linearAcceleration: [-1.31002797  0.30469611 11.71528833], angularVelocity: [-0.03754205 -2.38593826  2.57906432], rssi: -97 }
CMD:    RobotState { position: [6.87439647 8.99474892 0.        ], orientation: [0.         0.         1.82212374], velocity: [4.18603464 0.13155144 0.        ] }
GT:     RobotState { position: [6.578919   9.12719389 0.11706248], orientation: [-0.03215732  0.02066719  1.96123216], velocity: [4.21154797 0.17390745 0.13971151] }
N_PRED: RobotState { position: [6.47665839 9.09066644 0.21372863], orientation: [-0.03217106  0.02056633  1.96130256], velocity: [4.2345865  0.36330634 0.5962941 ] }

SENSOR: SensorValue { linearAcceleration: [-0.42666961  0.63689015  9.89907665], angularVelocity: [-0.27774107 -0.35068494  1.40386601], rssi: -100 }
CMD:    RobotState { position: [6.83934318 9.11540313 0.        ], orientation: [0.         0.         1.88495559], velocity: [4.18603464 0.13155144 0.        ] }
GT:     RobotState { position: [6.52587931 9.24206307 0.11848709], orientation: [-0.0398196   0.01162994  2.00370178], velocity: [4.21252474 0.17492272 0.14071892] }
N_PRED: RobotState { position: [6.41734095 9.20395782 0.22867773], orientation: [-0.03982213  0.01156697  2.0037751 ], velocity: [4.21949697 0.35485172 0.59869161] }

SENSOR: SensorValue { linearAcceleration: [-0.61626482  0.39833943 10.06236972], angularVelocity: [-0.19771481  0.06472757  1.98849618], rssi: -96 }
CMD:    RobotState { position: [6.79678312 9.23361825 0.        ], orientation: [0.         0.         1.94778745], velocity: [4.18603464 0.13155144 0.        ] }
GT:     RobotState { position: [6.46794975 9.3545604  0.12104145], orientation: [-0.04496157  0.01611908  2.06327122], velocity: [4.21349101 0.17595274 0.14172127] }
N_PRED: RobotState { position: [6.35369428 9.31409675 0.2448465 ], orientation: [-0.0449336   0.01603566  2.0632997 ], velocity: [4.20970467 0.3428958  0.60611284] }

SENSOR: SensorValue { linearAcceleration: [ 0.517874    2.73338978 10.88719029], angularVelocity: [-1.39255155 -0.15216574  2.48228001], rssi: -98 }
CMD:    RobotState { position: [6.74688425 9.34892773 0.        ], orientation: [0.        0.        2.0106193], velocity: [4.18603464 0.13155144 0.        ] }
GT:     RobotState { position: [6.40336122 9.46341804 0.12302885], orientation: [-0.08556029  0.01646409  2.13782304], velocity: [4.21443483 0.17697864 0.14274851] }
N_PRED: RobotState { position: [6.28273766 9.42012105 0.26093175], orientation: [-0.08552142  0.01633445  2.13791163], velocity: [4.12039893 0.32515599 0.63283853] }

SENSOR: SensorValue { linearAcceleration: [ 0.71522956 -0.23503924 10.31862977], angularVelocity: [-0.67250482  0.74887235  3.13317532], rssi: -99 }
CMD:    RobotState { position: [6.68984351 9.46087649 0.        ], orientation: [0.         0.         2.07345115], velocity: [4.18603464 0.13155144 0.        ] }
GT:     RobotState { position: [6.33066978 9.56708062 0.12477497], orientation: [-0.1028208   0.04773311  2.22931215], velocity: [4.21537107 0.17803058 0.14375578] }
N_PRED: RobotState { position: [6.20618446 9.51905783 0.27721747], orientation: [-0.10278698  0.04755937  2.22941986], velocity: [4.09087787 0.36025981 0.64756417] }

SENSOR: SensorValue { linearAcceleration: [-0.06123692 -1.9638167   9.34757886], angularVelocity: [-1.33455718  0.37708223  2.34706779], rssi: -100 }
CMD:    RobotState { position: [6.625886   9.56902273 0.        ], orientation: [0.       0.       2.136283], velocity: [4.18603464 0.13155144 0.        ] }
GT:     RobotState { position: [6.24872409 9.66361952 0.12249356], orientation: [-0.13890219  0.0674178   2.29795101], velocity: [4.21631453 0.17906062 0.14477918] }
N_PRED: RobotState { position: [6.12087467 9.6097369  0.28946451], orientation: [-0.13889955  0.0672839   2.29806218], velocity: [4.11197909 0.41700889 0.64023187] }

SENSOR: SensorValue { linearAcceleration: [ 0.86636313 -2.46338764  9.85786245], angularVelocity: [ 0.77731818 -0.21120029  3.08736832], rssi: -100 }
CMD:    RobotState { position: [6.55526413 9.67293965 0.        ], orientation: [0.         0.         2.19911486], velocity: [4.18603464 0.13155144 0.        ] }
GT:     RobotState { position: [6.16026324 9.75415953 0.11753687], orientation: [-0.1090672   0.07257048  2.39084832], velocity: [4.21727614 0.18011694 0.14575785] }
N_PRED: RobotState { position: [6.0269658  9.6939263  0.29854229], orientation: [-0.10907173  0.07245443  2.39098047], velocity: [4.10613306 0.50933764 0.64792959] }

SENSOR: SensorValue { linearAcceleration: [ 0.76592171 -0.23659238 10.40835243], angularVelocity: [ 0.45954498 -0.49899824  1.24572584], rssi: -96 }
CMD:    RobotState { position: [6.47825663 9.77221712 0.        ], orientation: [0.         0.         2.26194671], velocity: [4.18603464 0.13155144 0.        ] }
GT:     RobotState { position: [6.06382558 9.83616663 0.112127  ], orientation: [-0.09268265  0.06147593  2.42966759], velocity: [4.21826652 0.18113804 0.14674591] }
N_PRED: RobotState { position: [5.92365913 9.7665217  0.30747862], orientation: [-0.09269144  0.06132301  2.42975608], velocity: [4.05770686 0.54748585 0.66412287] }

SENSOR: SensorValue { linearAcceleration: [-0.0940756  -0.82898006  9.6782893 ], angularVelocity: [-0.37910204 -0.14681194  2.20144203], rssi: -100 }
CMD:    RobotState { position: [6.3951674  9.86646336 0.        ], orientation: [0.         0.         2.32477856], velocity: [4.18603464 0.13155144 0.        ] }
GT:     RobotState { position: [5.96422947 9.91444933 0.10824051], orientation: [-0.09996395  0.06344464  2.49597801], velocity: [4.2192294  0.18216838 0.14775114] }
N_PRED: RobotState { position: [5.81874868 9.83330248 0.3182677 ], orientation: [-0.09993955  0.06329094  2.49604511], velocity: [4.04565336 0.57788695 0.66185564] }

SENSOR: SensorValue { linearAcceleration: [-0.4750679   1.10400365  9.38339488], angularVelocity: [-0.82829094 -0.52030169  0.92470449], rssi: -100 }
CMD:    RobotState { position: [6.30632436 9.9553064  0.        ], orientation: [0.         0.         2.38761042], velocity: [4.18603464 0.13155144 0.        ] }
GT:     RobotState { position: [5.85961321 9.98592192 0.10408765], orientation: [-0.12318074  0.05101786  2.52534955], velocity: [4.2202122  0.1831704  0.14876598] }
N_PRED: RobotState { position: [5.70891512 9.89112367 0.32833436], orientation: [-0.12311572  0.05086578  2.52539799], velocity: [4.00577165 0.55258178 0.64521232] }

SENSOR: SensorValue { linearAcceleration: [ 0.74608755 -2.78453452 11.27956356], angularVelocity: [-0.31841689 -0.77025731  2.55350486], rssi: -100 }
CMD:    RobotState { position: [ 6.21207813 10.03839563  0.        ], orientation: [0.         0.         2.45044227], velocity: [4.18603464 0.13155144 0.        ] }
GT:     RobotState { position: [ 5.75281932 10.05422996  0.10139539], orientation: [-0.12923488  0.03771168  2.60427458], velocity: [4.22117567 0.18420287 0.14976844] }
N_PRED: RobotState { position: [5.59912508 9.94680879 0.34015032], orientation: [-0.12918013  0.03757278  2.60437806], velocity: [3.98806715 0.63119019 0.69700814] }

SENSOR: SensorValue { linearAcceleration: [-0.24739957 -0.86663737  8.1226153 ], angularVelocity: [0.12044062 0.62985615 2.12487759], rssi: -99 }
CMD:    RobotState { position: [ 6.11280065 10.11540313  0.        ], orientation: [0.         0.         2.51327412], velocity: [4.18603464 0.13155144 0.        ] }
GT:     RobotState { position: [ 5.64089839 10.11388249  0.10037664], orientation: [-0.12247898  0.06450181  2.6652341 ], velocity: [4.2221345  0.1852418  0.15076854] }
N_PRED: RobotState { position: [5.48461852 9.9901052  0.35321176], orientation: [-0.12246037  0.06432681  2.66532655], velocity: [3.97397922 0.64481298 0.6483772 ] }

SENSOR: SensorValue { linearAcceleration: [-0.6831119  -1.65237174  9.08405335], angularVelocity: [-0.45629477  0.58032739  2.43689079], rssi: -97 }
CMD:    RobotState { position: [ 6.00888374 10.186025    0.        ], orientation: [0.         0.         2.57610598], velocity: [4.18603464 0.13155144 0.        ] }
GT:     RobotState { position: [ 5.52558355 10.16657835  0.09602966], orientation: [-0.13063913  0.09103282  2.73573882], velocity: [4.22308422 0.18627818 0.15177979] }
N_PRED: RobotState { position: [ 5.36805745 10.02643316  0.36221076], orientation: [-0.13068627  0.09083685  2.73586034], velocity: [3.97576746 0.67538382 0.63203986] }

SENSOR: SensorValue { linearAcceleration: [-1.1141069  -1.15229803  9.23706376], angularVelocity: [ 0.60144183 -0.37964159  0.04556916], rssi: -97 }
CMD:    RobotState { position: [ 5.90073749 10.2499825   0.        ], orientation: [0.         0.         2.63893783], velocity: [4.18603464 0.13155144 0.        ] }
GT:     RobotState { position: [ 5.40694192 10.21090525  0.08829819], orientation: [-0.11235377  0.07990123  2.73848794], velocity: [4.22409224 0.1872849  0.15276483] }
N_PRED: RobotState { position: [ 5.24866762 10.05335162  0.36729577], orientation: [-0.1124088   0.07969753  2.73860819], velocity: [3.975659   0.68776043 0.61948024] }

SENSOR: SensorValue { linearAcceleration: [-2.7564237  -0.13358441 10.23881104], angularVelocity: [-0.0451839  -1.22123138  2.10518308], rssi: -100 }
CMD:    RobotState { position: [ 5.78878873 10.30702325  0.        ], orientation: [0.         0.         2.70176968], velocity: [4.18603464 0.13155144 0.        ] }
GT:     RobotState { position: [ 5.2880832  10.25498685  0.08211015], orientation: [-0.10934116  0.05046799  2.80549058], velocity: [4.22507236 0.18831397 0.15375474] }
N_PRED: RobotState { position: [ 5.12981235 10.07917705  0.37415798], orientation: [-0.10941465  0.05026501  2.80556973], velocity: [4.01299172 0.65308684 0.63634005] }

SENSOR: SensorValue { linearAcceleration: [ 1.63467027 -2.77469902  7.89325246], angularVelocity: [-0.64914739  0.59543331  2.0009354 ], rssi: -100 }
CMD:    RobotState { position: [ 5.67347925 10.35692212  0.        ], orientation: [0.         0.         2.76460154], velocity: [4.18603464 0.13155144 0.        ] }
GT:     RobotState { position: [ 5.16638294 10.29104236  0.07969467], orientation: [-0.12514282  0.07527588  2.86316039], velocity: [4.22602817 0.18933863 0.15477236] }
N_PRED: RobotState { position: [ 5.00768343 10.09998606  0.38413694], orientation: [-0.12528558  0.07503978  2.86320426], velocity: [3.96524045 0.73520265 0.58371588] }

SENSOR: SensorValue { linearAcceleration: [ 1.80683983 -1.10512211  8.6371616 ], angularVelocity: [ 0.87794728 -1.4078141   2.3568009 ], rssi: -100 }
CMD:    RobotState { position: [ 5.55526413 10.39948218  0.        ], orientation: [0.         0.         2.82743339], velocity: [4.18603464 0.13155144 0.        ] }
GT:     RobotState { position: [ 5.04285465 10.31990934  0.07406168], orientation: [-0.09445176  0.04104339  2.93820862], velocity: [4.22701026 0.1903854  0.15574118] }
N_PRED: RobotState { position: [ 4.88477972 10.11016154  0.38924549], orientation: [-0.09458615  0.04080248  2.93823524], velocity: [3.88602768 0.76215527 0.54746787] }

SENSOR: SensorValue { linearAcceleration: [-1.44469349  2.31721971  6.99989959], angularVelocity: [0.06805497 1.50458851 0.39813597], rssi: -100 }
CMD:    RobotState { position: [ 5.43460992 10.43453547  0.        ], orientation: [0.         0.         2.89026524], velocity: [4.18603464 0.13155144 0.        ] }
GT:     RobotState { position: [ 4.91737462 10.33955023  0.07298286], orientation: [-0.09194146  0.08713504  2.9458948 ], velocity: [4.22798389 0.19139496 0.1567573 ] }
N_PRED: RobotState { position: [ 4.76541822 10.10863124  0.39732685], orientation: [-0.09205278  0.08685695  2.94593625], velocity: [3.90009388 0.67136646 0.45824595] }

SENSOR: SensorValue { linearAcceleration: [-2.55248667 -2.40752467 11.82947085], angularVelocity: [-0.68396516  1.13857111  3.02856402], rssi: -98 }
CMD:    RobotState { position: [ 5.31199278 10.46194365  0.        ], orientation: [0.         0.         2.95309709], velocity: [4.18603464 0.13155144 0.        ] }
GT:     RobotState { position: [ 4.79189204 10.35817449  0.06609982], orientation: [-0.10295444  0.13002748  3.03348548], velocity: [4.22891592 0.19243514 0.15778056] }
N_PRED: RobotState { position: [ 4.6466203  10.11113716  0.40004922], orientation: [-0.10311147  0.12973037  3.03353839], velocity: [3.94512918 0.70918738 0.53053611] }

SENSOR: SensorValue { linearAcceleration: [-2.91040811 -3.50951495  8.73393226], angularVelocity: [ 0.05500255 -0.02901625  2.67707227], rssi: -95 }
CMD:    RobotState { position: [ 5.18789661 10.48159855  0.        ], orientation: [0.         0.         3.01592895], velocity: [4.18603464 0.13155144 0.        ] }
GT:     RobotState { position: [ 4.66564196 10.36562795  0.05374528], orientation: [-0.0905308   0.13688889  3.11423446], velocity: [4.22987218 0.1934799  0.15877691] }
N_PRED: RobotState { position: [ 4.52655874 10.1024776   0.39805677], orientation: [-0.09073383  0.13663964  3.11427307], velocity: [3.99922919 0.78730257 0.51653002] }

SENSOR: SensorValue { linearAcceleration: [-2.54216366 -0.72626029  9.1737648 ], angularVelocity: [0.46980768 0.17964429 1.55199041], rssi: -100 }
CMD:    RobotState { position: [ 5.06281118 10.4934226   0.        ], orientation: [0.        0.        3.0787608], velocity: [4.18603464 0.13155144 0.        ] }
GT:     RobotState { position: [ 4.53924921 10.36288882  0.04062332], orientation: [-0.069898    0.14595879 -3.12248456], velocity: [4.23084547 0.19451149 0.15977088] }
N_PRED: RobotState { position: [ 4.4058146  10.08081305  0.39472939], orientation: [-0.07010068  0.1457533  -3.12247424], velocity: [4.03665736 0.78460097 0.5064016 ] }

SENSOR: SensorValue { linearAcceleration: [-1.22019218 -2.34486937 11.62234649], angularVelocity: [-0.096608    0.07124096  0.84863995], rssi: -100 }
CMD:    RobotState { position: [ 4.93723015 10.49736914  0.        ], orientation: [0.         0.         3.14159265], velocity: [4.18603464 0.13155144 0.        ] }
GT:     RobotState { position: [ 4.41319283 10.3543377   0.02650554], orientation: [-0.06904658  0.14987293 -3.09694558], velocity: [4.23183068 0.19552443 0.16077247] }
N_PRED: RobotState { position: [ 4.28429169 10.05460998  0.39140532], orientation: [-0.06924215  0.1496579  -3.09694765], velocity: [4.0206221  0.82886078 0.56647489] }

SENSOR: SensorValue { linearAcceleration: [-0.83693182  1.67899252 11.12007801], angularVelocity: [-0.81480126 -1.64207183  1.13748165], rssi: -100 }
CMD:    RobotState { position: [ 4.81164911 10.4934226   0.        ], orientation: [ 0.         0.        -3.0787608], velocity: [4.18603464 0.13155144 0.        ] }
GT:     RobotState { position: [ 4.28741986 10.34254234  0.01192202], orientation: [-0.08866162  0.10340736 -3.05872972], velocity: [4.23283373 0.19653667 0.16175691] }
N_PRED: RobotState { position: [ 4.16375746 10.02207606  0.38900991], orientation: [-0.08887299  0.10324006 -3.05873854], velocity: [4.00320556 0.75175581 0.60146541] }

SENSOR: SensorValue { linearAcceleration: [ 0.30102838 -2.80006792  7.49717852], angularVelocity: [-0.28261094 -0.69891655  2.99007486], rssi: -100 }
CMD:    RobotState { position: [ 4.68656368 10.48159855  0.        ], orientation: [ 0.          0.         -3.01592895], velocity: [4.18603464 0.13155144 0.        ] }
GT:     RobotState { position: [4.16163927e+00 1.03257858e+01 3.11769060e-03], orientation: [-0.08825106  0.09048204 -2.96707146], velocity: [4.23379288 0.19758227 0.16274963] }
N_PRED: RobotState { position: [4.04450034 9.98893009 0.39154812], orientation: [-0.08849774  0.09029075 -2.96710369], velocity: [3.96476675 0.80841538 0.53678813] }

SENSOR: SensorValue { linearAcceleration: [-0.85201433 -1.63972458  9.84012154], angularVelocity: [0.06329497 0.86401156 1.61765749], rssi: -100 }
CMD:    RobotState { position: [ 4.56246752 10.46194365  0.        ], orientation: [ 0.          0.         -2.95309709], velocity: [4.18603464 0.13155144 0.        ] }
GT:     RobotState { position: [ 4.03779480e+00  1.02975304e+01 -4.02064991e-03], orientation: [-0.08142263  0.12045332 -2.92064309], velocity: [4.23475416 0.19860492 0.16376421] }
N_PRED: RobotState { position: [3.93104677 9.9432397  0.39474412], orientation: [-0.0817209   0.12024803 -2.92069782], velocity: [3.9645465  0.8273824  0.54214055] }

SENSOR: SensorValue { linearAcceleration: [-0.32777972 -1.64686203 10.14934481], angularVelocity: [-0.98034294  0.82576925  1.36360241], rssi: -99 }
CMD:    RobotState { position: [ 4.43985037 10.43453547  0.        ], orientation: [ 0.          0.         -2.89026524], velocity: [4.18603464 0.13155144 0.        ] }
GT:     RobotState { position: [ 3.91562516 10.26360489 -0.01489103], orientation: [-0.10561117  0.14894652 -2.88187539], velocity: [4.23572191 0.19961018 0.16479004] }
N_PRED: RobotState { position: [3.81952395 9.89173781 0.39474333], orientation: [-0.10593894  0.14874747 -2.88194338], velocity: [3.94005935 0.83881181 0.5544618 ] }

SENSOR: SensorValue { linearAcceleration: [-2.47407028 -0.67578108 11.84965317], angularVelocity: [-0.70536738 -0.65835647  0.82509269], rssi: -100 }
CMD:    RobotState { position: [ 4.31919616 10.39948218  0.        ], orientation: [ 0.          0.         -2.82743339], velocity: [4.18603464 0.13155144 0.        ] }
GT:     RobotState { position: [ 3.79523843 10.22492618 -0.02949559], orientation: [-0.12297213  0.1321358  -2.8547571 ], velocity: [4.23671743 0.20061892 0.1657857 ] }
N_PRED: RobotState { position: [3.71199214 9.83502857 0.39198018], orientation: [-0.12330819  0.1319567  -2.85482826], velocity: [3.97760851 0.81989255 0.62281819] }

SENSOR: SensorValue { linearAcceleration: [ 1.58179411 -1.83806836 11.15837261], angularVelocity: [-1.82902365  0.62433134  0.52178178], rssi: -100 }
CMD:    RobotState { position: [ 4.20098104 10.35692212  0.        ], orientation: [ 0.          0.         -2.76460154], velocity: [4.18603464 0.13155144 0.        ] }
GT:     RobotState { position: [ 3.67573939 10.18282439 -0.04206495], orientation: [-0.176047    0.15296498 -2.84195964], velocity: [4.23770497 0.20160028 0.16681587] }
N_PRED: RobotState { position: [3.60296867 9.77507624 0.39219493], orientation: [-0.17636372  0.15281114 -2.84201831], velocity: [3.90036885 0.79938308 0.65808286] }

SENSOR: SensorValue { linearAcceleration: [ 0.6602064  -2.31252356 11.36528129], angularVelocity: [ 0.82567502 -0.71739338  2.21813036], rssi: -97 }
CMD:    RobotState { position: [ 4.08567156 10.30702325  0.        ], orientation: [ 0.          0.         -2.70176968], velocity: [4.18603464 0.13155144 0.        ] }
GT:     RobotState { position: [ 3.55715876 10.13905219 -0.05759828], orientation: [-0.14101397  0.14218229 -2.77205031], velocity: [4.23867092 0.20264985 0.16779771] }
N_PRED: RobotState { position: [3.4974827  9.71410801 0.39014822], orientation: [-0.14131484  0.14208153 -2.77215164], velocity: [3.8496352  0.77996128 0.70573405] }

SENSOR: SensorValue { linearAcceleration: [ 0.83387846 -3.26384713 10.01696163], angularVelocity: [ 0.16526121 -0.16522616  0.51246265], rssi: -98 }
CMD:    RobotState { position: [ 3.9737228 10.2499825  0.       ], orientation: [ 0.          0.         -2.63893783], velocity: [4.18603464 0.13155144 0.        ] }
GT:     RobotState { position: [ 3.44167825 10.08711805 -0.07151454], orientation: [-0.13380918  0.13936811 -2.75599939], velocity: [4.23966334 0.20366116 0.16879386] }
N_PRED: RobotState { position: [3.39704168 9.64785133 0.39144984], orientation: [-0.13410389  0.13928205 -2.75608415], velocity: [3.78702781 0.80063018 0.7169054 ] }

SENSOR: SensorValue { linearAcceleration: [0.99400377 0.58153915 8.79805026], angularVelocity: [-0.76040966  0.04666544  1.89546852], rssi: -99 }
CMD:    RobotState { position: [ 3.86557656 10.186025    0.        ], orientation: [ 0.          0.         -2.57610598], velocity: [4.18603464 0.13155144 0.        ] }
GT:     RobotState { position: [ 3.32697504 10.03330363 -0.08500565], orientation: [-0.14853991  0.14879584 -2.69936679], velocity: [4.24063218 0.20468129 0.1698039 ] }
N_PRED: RobotState { position: [3.30022512 9.57870334 0.39298577], orientation: [-0.14878665  0.14868673 -2.69940005], velocity: [3.77003753 0.7222653  0.6754341 ] }

SENSOR: SensorValue { linearAcceleration: [-2.71412467 -3.07826171  7.07004222], angularVelocity: [-1.17177627  0.83427532  1.28785291], rssi: -99 }
CMD:    RobotState { position: [ 3.76165964 10.11540313  0.        ], orientation: [ 0.          0.         -2.51327412], velocity: [4.18603464 0.13155144 0.        ] }
GT:     RobotState { position: [ 3.21564784  9.97304459 -0.09976661], orientation: [-0.17806441  0.17979645 -2.66485826], velocity: [4.24160495 0.20568031 0.17083111] }
N_PRED: RobotState { position: [3.20799143 9.50877898 0.39199219], orientation: [-0.17830516  0.1796731  -2.66489411], velocity: [3.81362512 0.79554602 0.61734211] }

SENSOR: SensorValue { linearAcceleration: [-0.2099531  -4.75184085 11.13299864], angularVelocity: [-0.69617007 -0.39231894  3.21741059], rssi: -99 }
CMD:    RobotState { position: [ 3.66238217 10.03839563  0.        ], orientation: [ 0.          0.         -2.45044227], velocity: [4.18603464 0.13155144 0.        ] }
GT:     RobotState { position: [ 3.10700057  9.9090832  -0.11861999], orientation: [-0.18098893  0.18549508 -2.56613081], velocity: [4.24255207 0.20672552 0.17183555] }
N_PRED: RobotState { position: [3.11723194 9.43281672 0.38617589], orientation: [-0.18127629  0.18535831 -2.56618399], velocity: [3.75927145 0.8362223  0.67475209] }

SENSOR: SensorValue { linearAcceleration: [ 1.09912963 -4.10651474 10.67507808], angularVelocity: [ 0.64994231 -0.10317431  1.38434466], rssi: -100 }
CMD:    RobotState { position: [3.56813593 9.9553064  0.        ], orientation: [ 0.          0.         -2.38761042], velocity: [4.18603464 0.13155144 0.        ] }
GT:     RobotState { position: [ 3.00528265  9.83472667 -0.13819233], orientation: [-0.15357021  0.18941176 -2.5238854 ], velocity: [4.24352397 0.20775378 0.17283434] }
N_PRED: RobotState { position: [3.0362129  9.347255   0.38102523], orientation: [-0.15391586  0.18923476 -2.52398173], velocity: [3.68868602 0.84026592 0.70850119] }

SENSOR: SensorValue { linearAcceleration: [-0.86169174 -1.13818437  9.54106442], angularVelocity: [ 1.20822112 -0.01680427  2.41430925], rssi: -100 }
CMD:    RobotState { position: [3.47929289 9.86646336 0.        ], orientation: [ 0.          0.         -2.32477856], velocity: [4.18603464 0.13155144 0.        ] }
GT:     RobotState { position: [ 2.906759    9.75620702 -0.15805056], orientation: [-0.10321287  0.19822155 -2.45061838], velocity: [4.24447263 0.2088014  0.17383477] }
N_PRED: RobotState { position: [2.96169169 9.25914758 0.37700471], orientation: [-0.10354985  0.19803662 -2.45072148], velocity: [3.7157475  0.81805737 0.70628391] }

SENSOR: SensorValue { linearAcceleration: [-3.71081092 -3.42786371 10.77217934], angularVelocity: [-0.88168091 -1.3088319   2.55781658], rssi: -95 }
CMD:    RobotState { position: [3.39620366 9.77221712 0.        ], orientation: [ 0.          0.         -2.26194671], velocity: [4.18603464 0.13155144 0.        ] }
GT:     RobotState { position: [ 2.81419216  9.67087734 -0.17865822], orientation: [-0.11476575  0.16750233 -2.36869976], velocity: [4.24544431 0.20984858 0.1748136 ] }
N_PRED: RobotState { position: [2.8920904  9.16787793 0.37408933], orientation: [-0.11512332  0.16736277 -2.368802  ], velocity: [3.74765754 0.89848531 0.761981  ] }

SENSOR: SensorValue { linearAcceleration: [ 0.3336229  -1.33033457  9.48438959], angularVelocity: [ 0.71634199 -0.0380361   2.3340702 ], rssi: -100 }
CMD:    RobotState { position: [3.31919616 9.67293965 0.        ], orientation: [ 0.          0.         -2.19911486], velocity: [4.18603464 0.13155144 0.        ] }
GT:     RobotState { position: [ 2.72855434  9.57778138 -0.19545105], orientation: [-0.08124227  0.17323125 -2.29785057], velocity: [4.24639687 0.2108895  0.17581749] }
N_PRED: RobotState { position: [2.83088754 9.06675035 0.374563  ], orientation: [-0.08162176  0.17310667 -2.2979837 ], velocity: [3.74670054 0.87168274 0.75303714] }

SENSOR: SensorValue { linearAcceleration: [-2.48003355 -1.38432465  9.86499533], angularVelocity: [ 0.09826295 -0.54471305  1.7918244 ], rssi: -100 }
CMD:    RobotState { position: [3.24857429 9.56902273 0.        ], orientation: [ 0.        0.       -2.136283], velocity: [4.18603464 0.13155144 0.        ] }
GT:     RobotState { position: [ 2.64965023  9.47895555 -0.21272148], orientation: [-0.06905767  0.16096496 -2.24225218], velocity: [4.24736882 0.21192431 0.17680937] }
N_PRED: RobotState { position: [2.77649521 8.96338704 0.37552107], orientation: [-0.06942799  0.16086463 -2.24237588], velocity: [3.79300069 0.90708067 0.76889465] }

SENSOR: SensorValue { linearAcceleration: [-1.56010783 -1.16833119  8.34677746], angularVelocity: [-1.0873427   0.64871202  2.38927655], rssi: -100 }
CMD:    RobotState { position: [3.18461679 9.46087649 0.        ], orientation: [ 0.          0.         -2.07345115], velocity: [4.18603464 0.13155144 0.        ] }
GT:     RobotState { position: [ 2.57618597  9.37571772 -0.22833799], orientation: [-0.08953605  0.18606681 -2.17131758], velocity: [4.24833175 0.21294436 0.17782503] }
N_PRED: RobotState { position: [2.72750256 8.85529509 0.37763488], orientation: [-0.08981248  0.18597494 -2.17141262], velocity: [3.8258049  0.93254005 0.73495757] }

SENSOR: SensorValue { linearAcceleration: [-3.08497883 -1.64983794  8.7696228 ], angularVelocity: [-0.36839643 -0.00697796  1.78898886], rssi: -96 }
CMD:    RobotState { position: [3.12757604 9.34892773 0.        ], orientation: [ 0.         0.        -2.0106193], velocity: [4.18603464 0.13155144 0.        ] }
GT:     RobotState { position: [ 2.51057264  9.26780774 -0.24724026], orientation: [-0.09036752  0.19067642 -2.1169094 ], velocity: [4.24930311 0.21396896 0.17882812] }
N_PRED: RobotState { position: [2.68715836 8.74343414 0.37538339], orientation: [-0.09067603  0.1906044  -2.11698053], velocity: [3.87958887 1.00139044 0.72539483] }

SENSOR: SensorValue { linearAcceleration: [-1.55565114 -3.90007893  9.32084747], angularVelocity: [1.83649329 0.97693832 2.73221762], rssi: -93 }
CMD:    RobotState { position: [3.07767717 9.23361825 0.        ], orientation: [ 0.          0.         -1.94778745], velocity: [4.18603464 0.13155144 0.        ] }
GT:     RobotState { position: [ 2.45098595  9.15651698 -0.26670781], orientation: [-0.01834726  0.2244008  -2.03493296], velocity: [4.25022887 0.21500322 0.17986284] }
N_PRED: RobotState { position: [2.65275371 8.62709533 0.3720014 ], orientation: [-0.01864553  0.22436194 -2.03499219], velocity: [3.85026583 1.06419854 0.72890165] }

SENSOR: SensorValue { linearAcceleration: [-2.13811291 -1.73555759 11.04704332], angularVelocity: [0.02433452 0.96248862 1.8033284 ], rssi: -100 }
CMD:    RobotState { position: [3.03511711 9.11540313 0.        ], orientation: [ 0.          0.         -1.88495559], velocity: [4.18603464 0.13155144 0.        ] }
GT:     RobotState { position: [ 2.40068275  9.04139195 -0.28992135], orientation: [-0.00447638  0.25388818 -1.97959168], velocity: [4.25119005 0.2160179  0.18088548] }
N_PRED: RobotState { position: [2.62943762 8.50801605 0.36782535], orientation: [-0.00480586  0.2538767  -1.97966188], velocity: [3.87068864 1.08563433 0.78157504] }

SENSOR: SensorValue { linearAcceleration: [ 0.17547561 -1.53147845  9.18887864], angularVelocity: [ 0.23152359 -0.84153884  1.06126674], rssi: -100 }
CMD:    RobotState { position: [3.00006382 8.99474892 0.        ], orientation: [ 0.          0.         -1.82212374], velocity: [4.18603464 0.13155144 0.        ] }
GT:     RobotState { position: [ 2.35705664  8.92430229 -0.31671507], orientation: [ 0.0102948   0.22855437 -1.94687564], velocity: [4.25217341 0.21704665 0.18187252] }
N_PRED: RobotState { position: [2.61254824 8.3859748  0.36095072], orientation: [ 0.00995804  0.22854633 -1.9469426 ], velocity: [3.87986787 1.04913404 0.76483122] }

SENSOR: SensorValue { linearAcceleration: [-0.60195751 -0.30498132 13.21325873], angularVelocity: [0.13172964 0.94315997 3.31068683], rssi: -100 }
CMD:    RobotState { position: [2.97265564 8.87213177 0.        ], orientation: [ 0.          0.         -1.75929189], velocity: [4.18603464 0.13155144 0.        ] }
GT:     RobotState { position: [ 2.31698182  8.80521868 -0.34022294], orientation: [ 0.03894716  0.25444445 -1.84385139], velocity: [4.25310649 0.21808463 0.18289711] }
N_PRED: RobotState { position: [2.59855296 8.26340959 0.35881585], orientation: [ 0.03856084  0.2544471  -1.84397726], velocity: [3.91509215 0.99983038 0.87047796] }

SENSOR: SensorValue { linearAcceleration: [-3.4413171  -0.23015069  8.80904203], angularVelocity: [ 0.18128977 -0.86613553  2.36050329], rssi: -100 }
CMD:    RobotState { position: [2.95300074 8.74803561 0.        ], orientation: [ 0.          0.         -1.69646003], velocity: [4.18603464 0.13155144 0.        ] }
GT:     RobotState { position: [ 2.2893958   8.68322792 -0.36677147], orientation: [ 0.06138636  0.22487181 -1.77237329], velocity: [4.25406527 0.21913362 0.18388654] }
N_PRED: RobotState { position: [2.59510485 8.14038535 0.35563554], orientation: [ 0.06098034  0.22495928 -1.77250071], velocity: [3.99303978 1.0574647  0.87099938] }

SENSOR: SensorValue { linearAcceleration: [-0.80974289 -0.63043995 13.64846537], angularVelocity: [-1.29111574  0.84336734  3.31250322], rssi: -98 }
CMD:    RobotState { position: [2.94117669 8.62295018 0.        ], orientation: [ 0.          0.         -1.63362818], velocity: [4.18603464 0.13155144 0.        ] }
GT:     RobotState { position: [ 2.27033522  8.55881657 -0.38945302], orientation: [ 0.04668863  0.24475407 -1.66896344], velocity: [4.255016   0.22017435 0.18489234] }
N_PRED: RobotState { position: [2.60034784 8.01322894 0.35803085], orientation: [ 0.0463096   0.24491251 -1.66907633], velocity: [4.0223969  1.0172974  0.99132265] }

SENSOR: SensorValue { linearAcceleration: [ 1.36036712 -1.59986701 10.57554566], angularVelocity: [0.05299566 0.16930191 2.93791626], rssi: -97 }
CMD:    RobotState { position: [2.93723015 8.49736914 0.        ], orientation: [ 0.          0.         -1.57079633], velocity: [4.18603464 0.13155144 0.        ] }
GT:     RobotState { position: [ 2.26438129  8.43355035 -0.4146952 ], orientation: [ 0.07029229  0.24465849 -1.57800588], velocity: [4.25596067 0.22121606 0.18590268] }
N_PRED: RobotState { position: [2.61731675 7.88532567 0.35922418], orientation: [ 0.0699776   0.24486121 -1.57807583], velocity: [4.03847438 0.94875608 1.00879138] }

SENSOR: SensorValue { linearAcceleration: [-0.18218792 -5.65996593 10.04199089], angularVelocity: [1.15781113 1.52119399 3.16394232], rssi: -100 }
CMD:    RobotState { position: [2.94117669 8.37178811 0.        ], orientation: [ 0.          0.         -1.50796447], velocity: [4.18603464 0.13155144 0.        ] }
GT:     RobotState { position: [ 2.26972017  8.30818689 -0.43975687], orientation: [ 0.13168709  0.28054788 -1.47544134], velocity: [4.25688699 0.2222374  0.18694963] }
N_PRED: RobotState { position: [2.64119003 7.75950121 0.361124  ], orientation: [ 0.13140892  0.28075509 -1.47553753], velocity: [3.93938512 0.92763819 1.01105813] }

SENSOR: SensorValue { linearAcceleration: [-0.77945727 -4.89972269 11.20061418], angularVelocity: [0.64248394 0.01807133 2.41774076], rssi: -97 }
CMD:    RobotState { position: [2.95300074 8.24670268 0.        ], orientation: [ 0.          0.         -1.44513262], velocity: [4.18603464 0.13155144 0.        ] }
GT:     RobotState { position: [ 2.28743423  8.18483135 -0.46891762], orientation: [ 0.17125508  0.2701575  -1.40090095], velocity: [4.25783462 0.22327083 0.18796582] }
N_PRED: RobotState { position: [2.67537624 7.63898867 0.36141007], orientation: [ 0.17099849  0.27036081 -1.40093699], velocity: [3.87202808 0.89900995 1.053002  ] }

SENSOR: SensorValue { linearAcceleration: [-2.94942117 -2.2622767   8.92275803], angularVelocity: [0.49101999 0.35480028 1.93113699], rssi: -100 }
CMD:    RobotState { position: [2.97265564 8.12260652 0.        ], orientation: [ 0.          0.         -1.38230077], velocity: [4.18603464 0.13155144 0.        ] }
GT:     RobotState { position: [ 2.314123    8.06270862 -0.49653775], orientation: [ 0.20228523  0.26986594 -1.33977784], velocity: [4.25879294 0.22429366 0.18898297] }
N_PRED: RobotState { position: [2.71693497 7.52366761 0.36489429], orientation: [ 0.20205388  0.27007643 -1.33981584], velocity: [3.87997043 0.95425358 1.05889936] }

SENSOR: SensorValue { linearAcceleration: [-2.23635078 -1.63308455 10.42437478], angularVelocity: [-1.1997427   0.15853634  2.17339892], rssi: -100 }
CMD:    RobotState { position: [3.00006382 7.99998937 0.        ], orientation: [ 0.          0.         -1.31946891], velocity: [4.18603464 0.13155144 0.        ] }
GT:     RobotState { position: [ 2.34806213  7.9423121  -0.52392918], orientation: [ 0.18394069  0.26200872 -1.2725248 ], velocity: [4.25976335 0.22533504 0.18996933] }
N_PRED: RobotState { position: [2.76636779 7.41019327 0.37008278], orientation: [ 0.18374908  0.26224197 -1.27254557], velocity: [3.90680258 0.97733199 1.1064495 ] }

SENSOR: SensorValue { linearAcceleration: [-0.19741764 -3.12943336 10.06769404], angularVelocity: [-1.15677962 -0.07502777  2.18691194], rssi: -96 }
CMD:    RobotState { position: [3.03511711 7.87933516 0.        ], orientation: [ 0.          0.         -1.25663706], velocity: [4.18603464 0.13155144 0.        ] }
GT:     RobotState { position: [ 2.39022626  7.82429942 -0.55040943], orientation: [ 0.16603172  0.24832178 -1.20617112], velocity: [4.26073278 0.22637896 0.19095392] }
N_PRED: RobotState { position: [2.82426681 7.29881964 0.37660878], orientation: [ 0.16580751  0.2486125  -1.20617886], velocity: [3.90622018 0.94750404 1.12105711] }

SENSOR: SensorValue { linearAcceleration: [-0.08892373 -3.69113486 12.52479276], angularVelocity: [-0.03747859  1.1397994   0.08455206], rssi: -100 }
CMD:    RobotState { position: [3.07767717 7.76112004 0.        ], orientation: [ 0.          0.         -1.19380521], velocity: [4.18603464 0.13155144 0.        ] }
GT:     RobotState { position: [ 2.440391    7.70905451 -0.57524559], orientation: [ 0.16711544  0.28164105 -1.19774069], velocity: [4.26173429 0.2273672  0.191964  ] }
N_PRED: RobotState { position: [2.88872325 7.19123831 0.38569246], orientation: [ 0.16690105  0.28191461 -1.1977197 ], velocity: [3.88144149 0.89514336 1.20220243] }

SENSOR: SensorValue { linearAcceleration: [-1.58228336 -4.15747543  7.01449486], angularVelocity: [-0.46890816 -0.17743927  2.94406661], rssi: -100 }
CMD:    RobotState { position: [3.12757604 7.64581056 0.        ], orientation: [ 0.          0.         -1.13097336], velocity: [4.18603464 0.13155144 0.        ] }
GT:     RobotState { position: [ 2.49122833  7.59504156 -0.60421996], orientation: [ 0.17698219  0.26123262 -1.10837413], velocity: [4.26268101 0.22841643 0.19296454] }
N_PRED: RobotState { position: [2.95206231 7.08475741 0.39082417], orientation: [ 0.17683313  0.26155095 -1.10832947], velocity: [3.84336267 0.93263016 1.14064041] }

SENSOR: SensorValue { linearAcceleration: [-1.78166329 -2.79960832  9.18697374], angularVelocity: [-0.91688455 -0.35149747  2.06476878], rssi: -100 }
CMD:    RobotState { position: [3.18461679 7.5338618  0.        ], orientation: [ 0.         0.        -1.0681415], velocity: [4.18603464 0.13155144 0.        ] }
GT:     RobotState { position: [ 2.55227755  7.4854488  -0.63056227], orientation: [ 0.16465978  0.24032253 -1.0472241 ], velocity: [4.26364828 0.22945978 0.19395185] }
N_PRED: RobotState { position: [3.02528223 6.98632439 0.39841321], orientation: [ 0.16452063  0.24063219 -1.04716176], velocity: [3.83035342 0.97107635 1.14775549] }

SENSOR: SensorValue { linearAcceleration: [-1.38535205 -2.3094965   8.0995373 ], angularVelocity: [ 0.88595898 -0.55103274  2.43951875], rssi: -99 }
CMD:    RobotState { position: [3.24857429 7.42571555 0.        ], orientation: [ 0.          0.         -1.00530965], velocity: [4.18603464 0.13155144 0.        ] }
GT:     RobotState { position: [ 2.62027821  7.37937568 -0.65432068], orientation: [ 0.2070783   0.21056786 -0.9765621 ], velocity: [4.26459125 0.23049087 0.19497462] }
N_PRED: RobotState { position: [3.10565503 6.89393418 0.4082487 ], orientation: [ 0.20693668  0.21085904 -0.97649845], velocity: [3.82668772 1.01773188 1.12088425] }

SENSOR: SensorValue { linearAcceleration: [ 1.29455371 -2.4441657   8.7381931 ], angularVelocity: [0.25023173 1.65651057 2.00873131], rssi: -100 }
CMD:    RobotState { position: [3.31919616 7.32179864 0.        ], orientation: [ 0.         0.        -0.9424778], velocity: [4.18603464 0.13155144 0.        ] }
GT:     RobotState { position: [ 2.6957866   7.27760367 -0.6740583 ], orientation: [ 0.23074696  0.2460337  -0.90511524], velocity: [4.26555911 0.2315018  0.19599479] }
N_PRED: RobotState { position: [3.19274684 6.80650342 0.42210778], orientation: [ 0.23065088  0.24630501 -0.90503075], velocity: [3.86774519 0.98585429 1.09213739] }

SENSOR: SensorValue { linearAcceleration: [ 0.51146898 -5.26103515  7.56366008], angularVelocity: [ 0.52524232 -0.54854707  2.58171877], rssi: -100 }
CMD:    RobotState { position: [3.39620366 7.22252116 0.        ], orientation: [ 0.          0.         -0.87964594], velocity: [4.18603464 0.13155144 0.        ] }
GT:     RobotState { position: [ 2.77781249  7.18194875 -0.69811841], orientation: [ 0.26303996  0.21110994 -0.83214073], velocity: [4.26650193 0.23253659 0.19701395] }
N_PRED: RobotState { position: [3.28436989 6.72318668 0.43028545], orientation: [ 0.26298317  0.21140892 -0.83204755], velocity: [3.8381909  0.94795371 1.02380361] }

SENSOR: SensorValue { linearAcceleration: [-0.06634691 -2.26004092 10.33115785], angularVelocity: [-0.31264461  0.30348238  3.7093914 ], rssi: -95 }
CMD:    RobotState { position: [3.47929289 7.12827493 0.        ], orientation: [ 0.          0.         -0.81681409], velocity: [4.18603464 0.13155144 0.        ] }
GT:     RobotState { position: [ 2.86699729  7.0917645  -0.71757003], orientation: [ 0.27598582  0.19021263 -0.72018195], velocity: [4.26743324 0.2335916  0.19802242] }
N_PRED: RobotState { position: [3.38023856 6.6472776  0.44286936], orientation: [ 0.27596399  0.19053679 -0.72010503], velocity: [3.86647278 0.94566744 1.05856055] }

SENSOR: SensorValue { linearAcceleration: [-0.33073912 -2.17201777  8.19215   ], angularVelocity: [ 0.70984804 -0.76793717  2.33078102], rssi: -96 }
CMD:    RobotState { position: [3.56813593 7.03943189 0.        ], orientation: [ 0.          0.         -0.75398224], velocity: [4.18603464 0.13155144 0.        ] }
GT:     RobotState { position: [ 2.9659721   7.01176931 -0.7342719 ], orientation: [ 0.30760822  0.14809033 -0.6589949 ], velocity: [4.2683782  0.2346199  0.19904623] }
N_PRED: RobotState { position: [3.48395795 6.58185391 0.45815863], orientation: [ 0.3075968   0.14834583 -0.65889287], velocity: [3.89004498 0.97603557 1.03638313] }

SENSOR: SensorValue { linearAcceleration: [-2.63845643 -3.42627118  9.37357698], angularVelocity: [-1.2497754   0.18429283  2.29587121], rssi: -100 }
CMD:    RobotState { position: [3.66238217 6.95634266 0.        ], orientation: [ 0.          0.         -0.69115038], velocity: [4.18603464 0.13155144 0.        ] }
GT:     RobotState { position: [ 3.07003008  6.93740172 -0.74541438], orientation: [ 0.27966644  0.13349427 -0.59080248], velocity: [4.26934307 0.23567042 0.20002809] }
N_PRED: RobotState { position: [3.59028603 6.52273714 0.47913239], orientation: [ 0.2796785   0.13369785 -0.59069185], velocity: [3.83959418 1.00278628 1.0461294 ] }

SENSOR: SensorValue { linearAcceleration: [-0.55270683 -2.16889911  8.70132836], angularVelocity: [-0.32749056  0.24741743  3.4632538 ], rssi: -100 }
CMD:    RobotState { position: [3.76165964 6.87933516 0.        ], orientation: [ 0.          0.         -0.62831853], velocity: [4.18603464 0.13155144 0.        ] }
GT:     RobotState { position: [ 3.17918379  6.87040334 -0.75479597], orientation: [ 0.28241645  0.11181754 -0.48817352], velocity: [4.27028005 0.23672385 0.20103312] }
N_PRED: RobotState { position: [3.70080706 6.47350795 0.50173032], orientation: [ 0.28243505  0.11199182 -0.48804024], velocity: [3.85034136 1.0287286  1.03458361] }

SENSOR: SensorValue { linearAcceleration: [ 0.39896602 -2.53708633  9.72065423], angularVelocity: [-0.07422411  0.27092487  3.13611153], rssi: -92 }
CMD:    RobotState { position: [3.86557656 6.80871329 0.        ], orientation: [ 0.          0.         -0.56548668], velocity: [4.18603464 0.13155144 0.        ] }
GT:     RobotState { position: [ 3.29481224  6.81484207 -0.76135318], orientation: [ 0.28972914  0.09307969 -0.39514407], velocity: [4.27122242 0.23776895 0.20204203] }
N_PRED: RobotState { position: [3.81619685 6.43615573 0.52715555], orientation: [ 0.28974398  0.09322502 -0.39499893], velocity: [3.87509134 1.02543123 1.04574652] }

SENSOR: SensorValue { linearAcceleration: [-0.10274742  0.14973984 11.74746822], angularVelocity: [-1.1820209  -0.22490983  2.34762139], rssi: -100 }
CMD:    RobotState { position: [3.9737228  6.74475578 0.        ], orientation: [ 0.          0.         -0.50265482], velocity: [4.18603464 0.13155144 0.        ] }
GT:     RobotState { position: [ 3.41521538  6.77017609 -0.76543548], orientation: [ 0.25958392  0.06748405 -0.32902821], velocity: [4.27218038 0.23882069 0.20302926] }
N_PRED: RobotState { position: [3.93482262 6.4100503  0.55642295], orientation: [ 0.25958655  0.06762062 -0.32883158], velocity: [3.91133901 1.08572929 1.13906666] }

SENSOR: SensorValue { linearAcceleration: [ 1.11473379 -2.62465211 10.88530979], angularVelocity: [0.42371868 0.3176637  1.94921074], rssi: -96 }
CMD:    RobotState { position: [4.08567156 6.68771504 0.        ], orientation: [ 0.          0.         -0.43982297], velocity: [4.18603464 0.13155144 0.        ] }
GT:     RobotState { position: [ 3.53846951  6.73377756 -0.76635468], orientation: [ 0.27612429  0.06119461 -0.27001132], velocity: [4.2731455  0.23984198 0.20404163] }
N_PRED: RobotState { position: [4.0561501  6.39246479 0.59036351], orientation: [ 0.27610673  0.06133285 -0.26979599], velocity: [3.94802287 1.0614608  1.17747846] }

SENSOR: SensorValue { linearAcceleration: [-1.16947309 -3.10736977  9.42008059], angularVelocity: [-0.04403317  0.82146784  0.41767728], rssi: -100 }
CMD:    RobotState { position: [4.20098104 6.63781617 0.        ], orientation: [ 0.          0.         -0.37699112], velocity: [4.18603464 0.13155144 0.        ] }
GT:     RobotState { position: [ 3.66366704  6.70459721 -0.76634335], orientation: [ 0.27613624  0.08147611 -0.25119986], velocity: [4.27414581 0.24084878 0.20503446] }
N_PRED: RobotState { position: [4.17772641 6.38046816 0.62567705], orientation: [ 0.27613002  0.08162794 -0.25097404], velocity: [3.91568425 1.05880792 1.17665553] }

SENSOR: SensorValue { linearAcceleration: [ 0.3118096  -0.6924194   9.32674132], angularVelocity: [0.06170241 0.64997289 2.80635226], rssi: -100 }
CMD:    RobotState { position: [4.31919616 6.59525611 0.        ], orientation: [ 0.          0.         -0.31415927], velocity: [4.18603464 0.13155144 0.        ] }
GT:     RobotState { position: [ 3.78940253  6.67779565 -0.76890215], orientation: [ 0.28482332  0.07690532 -0.16461215], velocity: [4.27509862 0.2418866  0.20604136] }
N_PRED: RobotState { position: [4.3000235  6.37167342 0.6587959 ], orientation: [ 0.28484801  0.07705613 -0.16440332], velocity: [3.93614608 1.11665812 1.19118615] }

SENSOR: SensorValue { linearAcceleration: [ 1.8955649  -4.97102162  9.84834947], angularVelocity: [ 2.13919341 -0.30108919  1.39415234], rssi: -95 }
CMD:    RobotState { position: [4.43985037 6.56020282 0.        ], orientation: [ 0.          0.         -0.25132741], velocity: [4.18603464 0.13155144 0.        ] }
GT:     RobotState { position: [ 3.91702324  6.6619122  -0.77079264], orientation: [ 0.35147754  0.05528888 -0.12766402], velocity: [4.27606652 0.24287022 0.20708755] }
N_PRED: RobotState { position: [4.42367733 6.37258657 0.69314339], orientation: [ 0.35148084  0.05539433 -0.1274295 ], velocity: [3.97456839 1.04517012 1.18116603] }

SENSOR: SensorValue { linearAcceleration: [ 0.96646983 -1.73710299  8.31536229], angularVelocity: [-0.49173434 -0.14057949  2.51904846], rssi: -98 }
CMD:    RobotState { position: [4.56246752 6.53279464 0.        ], orientation: [ 0.          0.         -0.18849556], velocity: [4.18603464 0.13155144 0.        ] }
GT:     RobotState { position: [ 4.04513716  6.65022483 -0.76953796], orientation: [ 0.33955046  0.02568861 -0.05795809], velocity: [4.27701621 0.24391148 0.20809376] }
N_PRED: RobotState { position: [4.54685721 6.37504324 0.73040563], orientation: [ 0.33955401  0.02581965 -0.05769832], velocity: [4.00601298 1.09872638 1.17236291] }

SENSOR: SensorValue { linearAcceleration: [ 2.57178873 -1.52773073  9.98007536], angularVelocity: [ 0.44345193 -0.89289244  1.99115399], rssi: -100 }
CMD:    RobotState { position: [4.68656368 6.51313974 0.        ], orientation: [ 0.          0.         -0.12566371], velocity: [4.18603464 0.13155144 0.        ] }
GT:     RobotState { position: [ 4.17369712  6.64760981 -0.76449767], orientation: [ 0.35296273 -0.01980823 -0.0108587 ], velocity: [4.27796901 0.24492823 0.20912199] }
N_PRED: RobotState { position: [4.67021818 6.38796242 0.77199447], orientation: [ 0.35300745 -0.0196592  -0.01060511], velocity: [4.08315476 1.13789809 1.2106979 ] }

SENSOR: SensorValue { linearAcceleration: [-0.31433896 -1.08859681  8.89747478], angularVelocity: [0.10894616 1.01560215 1.58724654], rssi: -99 }
CMD:    RobotState { position: [4.81164911 6.50131569 0.        ], orientation: [ 0.          0.         -0.06283185], velocity: [4.18603464 0.13155144 0.        ] }
GT:     RobotState { position: [ 4.30190265  6.65095951 -0.75351546], orientation: [ 0.35548258 -0.00773979  0.04438389], velocity: [4.27894693 0.24595431 0.2101172 ] }
N_PRED: RobotState { position: [4.79193146 6.40716461 0.82050679], orientation: [ 0.35552373 -0.00759865  0.04462951], velocity: [4.0788672  1.20568386 1.22606863] }

